# JRE version: Java(TM) SE Runtime Environment (21.0.2+13) (build 21.0.2+13-LTS-58)
# Java VM: Java HotSpot(TM) 64-Bit Server VM (21.0.2+13-LTS-58, mixed mode, sharing, tiered, compressed oops, compressed class ptrs, g1 gc, windows-amd64)
GC Precious Log:
 CardTable entry size: 512
 Card Set container configuration: InlinePtr #cards 4 size 8 Array Of Cards #cards 16 size 48 Howl #buckets 8 coarsen threshold 3686 Howl Bitmap #cards 512 size 80 coarsen threshold 460 Card regions per heap region 1 cards per card region 4096
 CPUs: 12 total, 12 available
 Memory: 16068M
 Large Page Support: Disabled
 NUMA Support: Disabled
 Compressed Oops: Enabled (Zero based)
 Heap Region Size: 2M
 Heap Min Capacity: 8M
 Heap Initial Capacity: 252M
 Heap Max Capacity: 4018M
 Pre-touch: Disabled
 Parallel Workers: 10
 Concurrent Workers: 3
 Concurrent Refinement Workers: 10
 Periodic GC: Disabled
Heap:
 garbage-first heap   total 102400K, used 78082K [0x0000000704e00000, 0x0000000800000000)
  region size 2048K, 24 young (49152K), 3 survivors (6144K)
 Metaspace       used 72984K, committed 73984K, reserved 1114112K
  class space    used 9615K, committed 10112K, reserved 1048576K
GC Heap History (20 events):
Event: 8.781 GC heap before
{Heap before GC invocations=8 (full 0):
 garbage-first heap   total 73728K, used 59160K [0x0000000704e00000, 0x0000000800000000)
  region size 2048K, 21 young (43008K), 2 survivors (4096K)
 Metaspace       used 46171K, committed 46784K, reserved 1114112K
  class space    used 5918K, committed 6208K, reserved 1048576K
}
Event: 8.788 GC heap after
{Heap after GC invocations=9 (full 0):
 garbage-first heap   total 73728K, used 22486K [0x0000000704e00000, 0x0000000800000000)
  region size 2048K, 3 young (6144K), 3 survivors (6144K)
 Metaspace       used 46171K, committed 46784K, reserved 1114112K
  class space    used 5918K, committed 6208K, reserved 1048576K
}
Event: 9.715 GC heap before
{Heap before GC invocations=9 (full 0):
 garbage-first heap   total 73728K, used 59350K [0x0000000704e00000, 0x0000000800000000)
  region size 2048K, 21 young (43008K), 3 survivors (6144K)
 Metaspace       used 56295K, committed 56960K, reserved 1114112K
  class space    used 7451K, committed 7744K, reserved 1048576K
}
Event: 9.726 GC heap after
{Heap after GC invocations=10 (full 0):
 garbage-first heap   total 73728K, used 24537K [0x0000000704e00000, 0x0000000800000000)
  region size 2048K, 3 young (6144K), 3 survivors (6144K)
 Metaspace       used 56295K, committed 56960K, reserved 1114112K
  class space    used 7451K, committed 7744K, reserved 1048576K
}
Event: 10.857 GC heap before
{Heap before GC invocations=10 (full 0):
 garbage-first heap   total 73728K, used 47065K [0x0000000704e00000, 0x0000000800000000)
  region size 2048K, 15 young (30720K), 3 survivors (6144K)
 Metaspace       used 59505K, committed 60096K, reserved 1114112K
  class space    used 7920K, committed 8192K, reserved 1048576K
}
Event: 10.865 GC heap after
{Heap after GC invocations=11 (full 0):
 garbage-first heap   total 102400K, used 26148K [0x0000000704e00000, 0x0000000800000000)
  region size 2048K, 3 young (6144K), 3 survivors (6144K)
 Metaspace       used 59505K, committed 60096K, reserved 1114112K
  class space    used 7920K, committed 8192K, reserved 1048576K
}
Event: 22.167 GC heap before
{Heap before GC invocations=12 (full 0):
 garbage-first heap   total 102400K, used 81444K [0x0000000704e00000, 0x0000000800000000)
  region size 2048K, 30 young (61440K), 3 survivors (6144K)
 Metaspace       used 66415K, committed 67264K, reserved 1114112K
  class space    used 8935K, committed 9344K, reserved 1048576K
}
Event: 22.176 GC heap after
{Heap after GC invocations=13 (full 0):
 garbage-first heap   total 102400K, used 31348K [0x0000000704e00000, 0x0000000800000000)
  region size 2048K, 4 young (8192K), 4 survivors (8192K)
 Metaspace       used 66415K, committed 67264K, reserved 1114112K
  class space    used 8935K, committed 9344K, reserved 1048576K
}
Event: 439.479 GC heap before
{Heap before GC invocations=13 (full 0):
 garbage-first heap   total 102400K, used 70260K [0x0000000704e00000, 0x0000000800000000)
  region size 2048K, 24 young (49152K), 4 survivors (8192K)
 Metaspace       used 70812K, committed 71744K, reserved 1114112K
  class space    used 9527K, committed 9984K, reserved 1048576K
}
Event: 439.552 GC heap after
{Heap after GC invocations=14 (full 1):
 garbage-first heap   total 102400K, used 29347K [0x0000000704e00000, 0x0000000800000000)
  region size 2048K, 0 young (0K), 0 survivors (0K)
 Metaspace       used 70812K, committed 71744K, reserved 1114112K
  class space    used 9527K, committed 9984K, reserved 1048576K
}
Event: 441.527 GC heap before
{Heap before GC invocations=14 (full 1):
 garbage-first heap   total 102400K, used 82595K [0x0000000704e00000, 0x0000000800000000)
  region size 2048K, 27 young (55296K), 0 survivors (0K)
 Metaspace       used 71393K, committed 72448K, reserved 1114112K
  class space    used 9547K, committed 10048K, reserved 1048576K
}
Event: 441.532 GC heap after
{Heap after GC invocations=15 (full 1):
 garbage-first heap   total 102400K, used 34425K [0x0000000704e00000, 0x0000000800000000)
  region size 2048K, 3 young (6144K), 3 survivors (6144K)
 Metaspace       used 71393K, committed 72448K, reserved 1114112K
  class space    used 9547K, committed 10048K, reserved 1048576K
}
Event: 534.115 GC heap before
{Heap before GC invocations=15 (full 1):
 garbage-first heap   total 102400K, used 71289K [0x0000000704e00000, 0x0000000800000000)
  region size 2048K, 22 young (45056K), 3 survivors (6144K)
 Metaspace       used 71683K, committed 72640K, reserved 1114112K
  class space    used 9555K, committed 10048K, reserved 1048576K
}
Event: 534.194 GC heap after
{Heap after GC invocations=16 (full 2):
 garbage-first heap   total 102400K, used 29510K [0x0000000704e00000, 0x0000000800000000)
  region size 2048K, 0 young (0K), 0 survivors (0K)
 Metaspace       used 71681K, committed 72640K, reserved 1114112K
  class space    used 9554K, committed 10048K, reserved 1048576K
}
Event: 536.344 GC heap before
{Heap before GC invocations=16 (full 2):
 garbage-first heap   total 102400K, used 80710K [0x0000000704e00000, 0x0000000800000000)
  region size 2048K, 26 young (53248K), 0 survivors (0K)
 Metaspace       used 72114K, committed 73088K, reserved 1114112K
  class space    used 9570K, committed 10048K, reserved 1048576K
}
Event: 536.354 GC heap after
{Heap after GC invocations=17 (full 2):
 garbage-first heap   total 102400K, used 34629K [0x0000000704e00000, 0x0000000800000000)
  region size 2048K, 3 young (6144K), 3 survivors (6144K)
 Metaspace       used 72114K, committed 73088K, reserved 1114112K
  class space    used 9570K, committed 10048K, reserved 1048576K
}
Event: 539.096 GC heap before
{Heap before GC invocations=17 (full 2):
 garbage-first heap   total 102400K, used 71493K [0x0000000704e00000, 0x0000000800000000)
  region size 2048K, 22 young (45056K), 3 survivors (6144K)
 Metaspace       used 72315K, committed 73280K, reserved 1114112K
  class space    used 9577K, committed 10048K, reserved 1048576K
}
Event: 539.287 GC heap after
{Heap after GC invocations=18 (full 3):
 garbage-first heap   total 102400K, used 32195K [0x0000000704e00000, 0x0000000800000000)
  region size 2048K, 0 young (0K), 0 survivors (0K)
 Metaspace       used 72315K, committed 73280K, reserved 1114112K
  class space    used 9577K, committed 10048K, reserved 1048576K
}
Event: 542.015 GC heap before
{Heap before GC invocations=18 (full 3):
 garbage-first heap   total 102400K, used 81347K [0x0000000704e00000, 0x0000000800000000)
  region size 2048K, 25 young (51200K), 0 survivors (0K)
 Metaspace       used 72642K, committed 73664K, reserved 1114112K
  class space    used 9597K, committed 10112K, reserved 1048576K
}
Event: 542.025 GC heap after
{Heap after GC invocations=19 (full 3):
 garbage-first heap   total 102400K, used 37122K [0x0000000704e00000, 0x0000000800000000)
  region size 2048K, 3 young (6144K), 3 survivors (6144K)
 Metaspace       used 72642K, committed 73664K, reserved 1114112K
  class space    used 9597K, committed 10112K, reserved 1048576K
}

